GROUP,PACKAGE,CLASS,INSTRUCTION_MISSED,INSTRUCTION_COVERED,BRANCH_MISSED,BRANCH_COVERED,LINE_MISSED,LINE_COVERED,COMPLEXITY_MISSED,COMPLEXITY_COVERED,METHOD_MISSED,METHOD_COVERED
RPNCalculator,RPNCalculator.src.main.java.com.example,RPNCalculator,8,143,1,13,2,27,2,9,1,3
RPNCalculator,RPNCalculator.src.main.java.com.example,Subtraction,0,7,0,0,0,2,0,2,0,2
RPNCalculator,RPNCalculator.src.main.java.com.example,Addition,0,7,0,0,0,2,0,2,0,2
RPNCalculator,RPNCalculator.src.main.java.com.example,Multiplication,0,7,0,0,0,2,0,2,0,2
RPNCalculator,RPNCalculator.src.main.java.com.example,Main,3,76,0,0,1,11,1,1,1,1
